TN:
SF:/Users/paras/Development/flutterprojects/network_tools/lib/network_tools.dart
FNF:0
FNH:0
DA:16,1
DA:19,3
LF:2
LH:2
end_of_record
TN:
SF:/Users/paras/Development/flutterprojects/network_tools/lib/src/configure_dart_native.dart
FNF:0
FNH:0
DA:17,1
DA:22,1
DA:26,2
DA:27,1
DA:28,3
DA:30,1
DA:31,2
DA:32,4
DA:33,3
DA:36,0
DA:37,0
DA:44,1
DA:45,1
DA:46,1
DA:48,1
DA:52,1
DA:53,1
DA:55,0
DA:57,3
DA:58,3
LF:20
LH:17
end_of_record
TN:
SF:/Users/paras/Development/flutterprojects/network_tools/lib/src/database/drfit_database_service.dart
FNF:0
FNH:0
DA:8,1
DA:10,1
LF:2
LH:2
end_of_record
TN:
SF:/Users/paras/Development/flutterprojects/network_tools/lib/src/database/drift_database.dart
FNF:0
FNH:0
DA:16,7
DA:18,3
DA:21,1
DA:22,1
DA:23,3
LF:5
LH:5
end_of_record
TN:
SF:/Users/paras/Development/flutterprojects/network_tools/lib/src/device_info/arp_table_helper.dart
FNF:0
FNH:0
DA:16,9
DA:22,3
DA:24,3
DA:25,0
DA:26,0
DA:28,6
DA:29,6
DA:30,0
DA:31,0
DA:33,9
DA:36,3
DA:37,3
DA:38,3
DA:41,1
DA:42,1
DA:47,1
DA:58,3
DA:59,3
DA:60,6
DA:61,3
DA:62,3
DA:63,2
DA:64,1
DA:67,3
DA:69,6
DA:71,6
DA:72,3
DA:73,9
DA:76,3
DA:78,3
DA:79,6
DA:80,9
DA:81,6
DA:85,6
DA:86,15
DA:88,6
LF:36
LH:32
end_of_record
TN:
SF:/Users/paras/Development/flutterprojects/network_tools/lib/src/device_info/net_interface.dart
FNF:0
FNH:0
DA:6,1
DA:20,1
DA:21,1
DA:24,1
DA:26,1
DA:27,2
DA:28,1
DA:29,1
DA:30,1
DA:31,2
DA:32,1
DA:33,4
DA:35,1
LF:13
LH:13
end_of_record
TN:
SF:/Users/paras/Development/flutterprojects/network_tools/lib/src/device_info/vendor_table.dart
FNF:0
FNH:0
DA:12,3
DA:13,3
DA:14,12
DA:17,3
DA:19,6
DA:20,3
DA:21,3
DA:22,4
DA:23,1
DA:24,2
DA:25,2
DA:30,4
DA:31,4
DA:33,1
DA:36,4
DA:39,3
DA:43,6
DA:44,3
DA:45,3
DA:46,18
DA:47,3
DA:49,3
DA:52,3
DA:53,3
DA:54,6
DA:55,9
DA:56,9
DA:58,3
DA:59,12
LF:29
LH:29
end_of_record
TN:
SF:/Users/paras/Development/flutterprojects/network_tools/lib/src/injection.config.dart
FNF:0
FNH:0
DA:27,1
DA:31,1
DA:32,1
DA:33,2
DA:35,1
DA:36,2
DA:37,1
DA:40,1
DA:41,3
LF:9
LH:9
end_of_record
TN:
SF:/Users/paras/Development/flutterprojects/network_tools/lib/src/injection.dart
FNF:0
FNH:0
DA:5,3
DA:8,0
DA:10,1
DA:13,2
LF:4
LH:3
end_of_record
TN:
SF:/Users/paras/Development/flutterprojects/network_tools/lib/src/mdns_scanner/get_srv_list_by_os/srv_list.dart
FNF:0
FNH:0
DA:7,1
DA:8,1
DA:9,0
DA:19,1
LF:4
LH:3
end_of_record
TN:
SF:/Users/paras/Development/flutterprojects/network_tools/lib/src/mdns_scanner/get_srv_list_by_os/srv_list_linux.dart
FNF:0
FNH:0
DA:7,0
DA:8,0
DA:11,0
DA:12,0
DA:14,0
DA:16,0
DA:21,0
DA:22,0
DA:24,0
DA:26,0
DA:29,0
DA:32,0
DA:35,0
DA:37,0
DA:38,0
DA:41,0
DA:43,0
DA:45,0
DA:47,0
DA:49,0
DA:52,0
DA:53,0
DA:54,0
DA:55,0
DA:56,0
DA:57,0
DA:62,0
DA:69,0
DA:70,0
DA:72,0
DA:74,0
DA:77,0
DA:80,0
DA:83,0
DA:86,0
DA:87,0
DA:90,0
DA:92,0
DA:94,0
DA:97,0
DA:98,0
DA:99,0
DA:101,0
DA:102,0
DA:103,0
DA:108,0
LF:46
LH:0
end_of_record
TN:
SF:/Users/paras/Development/flutterprojects/network_tools/lib/src/mdns_scanner/list_of_srv_records.dart
FNF:0
FNH:0
DA:4,3
DA:83,3
LF:2
LH:2
end_of_record
TN:
SF:/Users/paras/Development/flutterprojects/network_tools/lib/src/models/active_host.dart
FNF:0
FNH:0
DA:11,1
DA:18,1
DA:19,2
DA:21,1
DA:22,2
DA:23,2
DA:24,1
DA:26,1
DA:27,2
DA:28,2
DA:29,1
DA:32,0
DA:34,1
DA:35,1
DA:37,2
DA:41,3
DA:44,2
DA:46,2
DA:49,2
DA:52,2
DA:55,2
DA:57,1
DA:64,1
DA:68,0
DA:70,1
DA:79,1
DA:84,1
DA:85,1
DA:88,0
DA:90,1
DA:93,1
DA:94,1
DA:124,1
DA:125,3
DA:137,0
DA:138,3
DA:139,3
DA:141,1
DA:146,1
DA:150,1
DA:151,3
DA:152,1
DA:154,1
DA:165,1
DA:168,3
DA:175,3
DA:176,2
DA:178,1
DA:179,1
DA:180,3
DA:185,3
DA:191,1
DA:192,1
DA:194,1
DA:195,1
DA:196,1
DA:199,1
DA:200,4
DA:203,1
DA:204,1
DA:208,3
DA:214,1
DA:220,1
DA:221,1
DA:226,1
DA:228,1
DA:233,1
DA:234,2
DA:236,1
DA:237,4
DA:239,0
DA:240,0
DA:243,1
DA:245,6
DA:248,0
DA:249,0
LF:76
LH:68
end_of_record
TN:
SF:/Users/paras/Development/flutterprojects/network_tools/lib/src/models/arp_data.dart
FNF:0
FNH:0
DA:9,3
DA:18,1
DA:19,1
DA:21,4
DA:22,2
DA:23,2
DA:24,2
DA:25,2
DA:26,2
DA:27,2
DA:30,6
DA:31,6
DA:32,6
DA:34,6
DA:35,6
DA:36,6
DA:37,6
DA:39,6
DA:40,3
DA:56,2
DA:58,3
DA:59,3
DA:60,3
DA:62,3
DA:64,3
DA:65,18
DA:66,0
DA:67,0
DA:68,0
DA:69,0
DA:71,0
LF:31
LH:26
end_of_record
TN:
SF:/Users/paras/Development/flutterprojects/network_tools/lib/src/models/mdns_info.dart
FNF:0
FNH:0
DA:4,1
DA:11,3
DA:13,0
DA:14,0
DA:17,0
DA:20,0
DA:21,0
DA:23,0
DA:24,0
DA:26,0
DA:27,0
DA:33,0
DA:42,1
DA:43,2
DA:44,4
DA:46,0
LF:16
LH:5
end_of_record
TN:
SF:/Users/paras/Development/flutterprojects/network_tools/lib/src/models/open_port.dart
FNF:0
FNH:0
DA:8,1
DA:9,1
DA:10,1
DA:15,1
DA:16,3
DA:19,1
DA:20,2
DA:22,1
DA:25,4
DA:28,1
DA:30,2
DA:33,2
LF:12
LH:12
end_of_record
TN:
SF:/Users/paras/Development/flutterprojects/network_tools/lib/src/models/sendable_active_host.dart
FNF:0
FNH:0
DA:6,1
LF:1
LH:1
end_of_record
TN:
SF:/Users/paras/Development/flutterprojects/network_tools/lib/src/models/vendor.dart
FNF:0
FNH:0
DA:8,3
DA:16,3
DA:17,3
DA:18,9
DA:19,3
DA:20,3
DA:21,3
DA:22,3
DA:25,2
DA:26,1
DA:27,1
DA:28,1
DA:29,1
DA:30,1
DA:31,1
DA:32,1
DA:36,2
LF:17
LH:17
end_of_record
TN:
SF:/Users/paras/Development/flutterprojects/network_tools/lib/src/network_tools_utils.dart
FNF:0
FNH:0
DA:4,9
LF:1
LH:1
end_of_record
TN:
SF:/Users/paras/Development/flutterprojects/network_tools/lib/src/services/host_scanner_service.dart
FNF:0
FNH:0
DA:7,1
DA:11,1
DA:13,2
LF:3
LH:3
end_of_record
TN:
SF:/Users/paras/Development/flutterprojects/network_tools/lib/src/services/impls/arp_repository_impl.dart
FNF:0
FNH:0
DA:14,2
DA:16,6
DA:19,2
DA:21,4
DA:22,2
DA:23,2
DA:24,4
DA:27,4
DA:28,4
DA:29,2
DA:30,4
DA:31,2
DA:32,2
DA:33,2
DA:34,2
DA:35,2
DA:36,2
DA:39,2
DA:40,2
DA:41,4
DA:42,4
DA:44,8
DA:48,0
DA:50,0
DA:51,0
DA:54,1
DA:55,2
DA:56,1
DA:57,1
DA:58,6
DA:60,1
DA:63,2
DA:65,4
DA:66,2
DA:67,2
DA:68,12
DA:70,8
DA:73,2
DA:75,4
DA:76,2
DA:77,2
DA:78,10
DA:79,2
DA:80,6
DA:81,4
DA:83,6
DA:87,1
DA:89,2
DA:90,1
DA:91,1
DA:92,2
DA:94,2
DA:96,2
DA:97,2
DA:105,3
DA:106,2
LF:56
LH:53
end_of_record
TN:
SF:/Users/paras/Development/flutterprojects/network_tools/lib/src/services/impls/host_scanner_service_impl.dart
FNF:0
FNH:0
DA:21,1
DA:31,1
DA:40,2
DA:41,1
DA:45,1
DA:52,1
DA:62,1
DA:67,1
DA:69,1
DA:71,1
DA:72,2
DA:73,2
DA:74,1
DA:75,1
DA:76,1
DA:78,1
DA:86,0
DA:90,2
DA:93,0
DA:94,0
DA:96,1
DA:105,1
DA:112,2
DA:116,1
DA:117,2
DA:118,1
DA:119,1
DA:123,1
DA:125,3
DA:126,1
DA:131,0
DA:138,3
DA:141,0
DA:142,0
DA:147,3
DA:152,3
DA:153,1
DA:160,1
DA:166,1
DA:167,1
DA:168,1
DA:169,1
DA:170,1
DA:171,1
DA:174,1
DA:179,1
DA:190,1
DA:197,1
DA:198,2
DA:200,2
DA:201,3
DA:203,1
DA:204,1
DA:206,1
DA:209,2
DA:210,1
DA:211,2
DA:213,1
DA:214,1
DA:215,1
DA:216,1
DA:217,1
DA:218,2
DA:219,1
DA:221,1
DA:222,1
DA:225,1
DA:226,2
DA:227,0
DA:228,0
DA:231,2
DA:232,1
DA:240,1
DA:242,1
DA:243,2
DA:245,2
DA:246,1
DA:247,1
DA:248,2
DA:249,2
DA:250,2
DA:251,2
DA:252,1
DA:253,2
DA:254,1
DA:256,1
DA:257,3
DA:258,1
DA:259,1
DA:261,1
DA:269,2
DA:278,1
DA:279,1
DA:280,1
DA:282,1
DA:290,1
DA:300,1
DA:305,1
DA:307,1
DA:309,2
DA:310,1
DA:311,1
DA:312,2
DA:322,0
DA:327,2
DA:332,0
DA:333,0
DA:335,1
DA:355,0
DA:359,0
DA:360,0
DA:362,0
DA:363,0
DA:364,0
DA:369,0
DA:371,0
DA:372,0
DA:373,0
DA:374,0
DA:375,0
DA:376,0
DA:379,0
DA:381,0
DA:382,0
DA:388,1
LF:125
LH:98
end_of_record
TN:
SF:/Users/paras/Development/flutterprojects/network_tools/lib/src/services/impls/mdns_scanner_service_impl.dart
FNF:0
FNH:0
DA:16,1
DA:23,0
DA:24,0
DA:26,1
DA:28,1
DA:29,1
DA:30,2
DA:36,1
DA:37,2
DA:38,2
DA:41,1
DA:44,2
DA:45,1
DA:51,1
DA:53,1
DA:55,1
DA:62,1
DA:65,2
DA:71,1
DA:72,1
DA:74,2
DA:75,1
DA:76,1
DA:77,1
DA:78,1
DA:79,2
DA:80,1
DA:81,1
DA:82,1
DA:83,2
DA:84,1
DA:85,1
DA:86,1
DA:87,1
DA:94,1
DA:95,1
DA:96,1
DA:106,1
DA:111,1
DA:119,1
DA:123,2
DA:124,1
DA:125,2
DA:128,1
DA:129,2
DA:132,1
DA:133,1
DA:134,1
DA:135,1
DA:136,2
DA:143,1
DA:146,0
DA:147,0
DA:149,0
DA:150,0
DA:155,0
DA:160,1
DA:167,1
DA:172,1
LF:59
LH:52
end_of_record
TN:
SF:/Users/paras/Development/flutterprojects/network_tools/lib/src/services/impls/port_scanner_service_impl.dart
FNF:0
FNH:0
DA:14,1
DA:20,2
DA:24,1
DA:28,1
DA:29,2
DA:30,1
DA:31,1
DA:47,1
DA:58,1
DA:67,4
DA:68,3
DA:69,1
DA:70,1
DA:71,1
DA:72,1
DA:75,2
DA:76,1
DA:77,2
DA:79,1
DA:81,1
DA:82,1
DA:83,2
DA:85,1
DA:86,0
DA:87,1
DA:90,1
DA:92,2
DA:93,1
DA:101,1
DA:103,1
DA:104,2
DA:106,2
DA:107,1
DA:108,1
DA:109,1
DA:110,1
DA:111,2
DA:112,1
DA:113,2
DA:115,1
DA:119,1
DA:126,1
DA:127,1
DA:128,1
DA:130,1
DA:135,1
DA:142,1
DA:146,1
DA:147,2
DA:148,1
DA:149,1
DA:151,3
DA:152,4
DA:153,1
DA:154,1
DA:156,1
DA:165,0
DA:170,2
DA:175,0
DA:177,1
DA:190,1
DA:200,1
DA:201,1
DA:202,1
DA:203,1
DA:204,1
DA:209,1
DA:211,2
DA:212,1
DA:215,1
DA:228,1
DA:236,1
DA:244,1
DA:252,1
DA:253,1
DA:255,1
DA:256,1
DA:258,2
DA:260,1
DA:263,1
DA:265,2
DA:267,1
DA:270,1
DA:275,5
DA:282,0
DA:283,0
DA:287,0
DA:289,0
DA:294,0
LF:89
LH:81
end_of_record
TN:
SF:/Users/paras/Development/flutterprojects/network_tools/lib/src/services/impls/vendor_repository_impl.dart
FNF:0
FNH:0
DA:14,2
DA:15,6
DA:18,2
DA:20,4
DA:21,2
DA:22,2
DA:23,4
DA:28,4
DA:29,2
DA:30,2
DA:31,4
DA:32,2
DA:33,2
DA:34,2
DA:35,2
DA:36,2
DA:39,2
DA:40,2
DA:41,4
DA:42,4
DA:44,4
DA:45,4
DA:50,1
DA:52,2
DA:53,1
DA:56,2
DA:58,4
DA:59,2
DA:60,2
DA:61,12
DA:63,8
DA:66,2
DA:68,4
DA:70,6
DA:71,8
DA:73,2
DA:74,2
DA:75,3
DA:76,2
DA:78,6
DA:82,1
DA:84,2
DA:85,3
LF:43
LH:43
end_of_record
TN:
SF:/Users/paras/Development/flutterprojects/network_tools/lib/src/services/mdns_scanner_service.dart
FNF:0
FNH:0
DA:6,1
DA:10,1
DA:12,2
LF:3
LH:3
end_of_record
TN:
SF:/Users/paras/Development/flutterprojects/network_tools/lib/src/services/port_scanner_service.dart
FNF:0
FNH:0
DA:7,1
DA:11,1
DA:13,2
LF:3
LH:3
end_of_record
